2023-09-15T00:16:32.729+03:00  INFO 12536 --- [restartedMain] c.c.todolist.TodolistApplication         : Starting TodolistApplication using Java 20.0.1 with PID 12536 (C:\spring projects\todolist\target\classes started by Cengi in C:\spring projects\todolist)
2023-09-15T00:16:32.737+03:00  INFO 12536 --- [restartedMain] c.c.todolist.TodolistApplication         : The following 1 profile is active: "backend"
2023-09-15T00:16:32.832+03:00  INFO 12536 --- [restartedMain] .e.DevToolsPropertyDefaultsPostProcessor : Devtools property defaults active! Set 'spring.devtools.add-properties' to 'false' to disable
2023-09-15T00:16:32.833+03:00  INFO 12536 --- [restartedMain] .e.DevToolsPropertyDefaultsPostProcessor : For additional web related logging consider setting the 'logging.level.web' property to 'DEBUG'
2023-09-15T00:16:34.352+03:00  INFO 12536 --- [restartedMain] .s.d.r.c.RepositoryConfigurationDelegate : Bootstrapping Spring Data JPA repositories in DEFAULT mode.
2023-09-15T00:16:34.435+03:00  INFO 12536 --- [restartedMain] .s.d.r.c.RepositoryConfigurationDelegate : Finished Spring Data repository scanning in 72 ms. Found 3 JPA repository interfaces.
2023-09-15T00:16:35.225+03:00  INFO 12536 --- [restartedMain] o.s.b.w.embedded.tomcat.TomcatWebServer  : Tomcat initialized with port(s): 4444 (http)
2023-09-15T00:16:35.233+03:00  INFO 12536 --- [restartedMain] o.apache.catalina.core.StandardService   : Starting service [Tomcat]
2023-09-15T00:16:35.233+03:00  INFO 12536 --- [restartedMain] o.apache.catalina.core.StandardEngine    : Starting Servlet engine: [Apache Tomcat/10.1.7]
2023-09-15T00:16:35.296+03:00  INFO 12536 --- [restartedMain] o.a.c.c.C.[Tomcat].[localhost].[/]       : Initializing Spring embedded WebApplicationContext
2023-09-15T00:16:35.298+03:00  INFO 12536 --- [restartedMain] w.s.c.ServletWebServerApplicationContext : Root WebApplicationContext: initialization completed in 2463 ms
2023-09-15T00:16:35.409+03:00  INFO 12536 --- [restartedMain] com.zaxxer.hikari.HikariDataSource       : HikariPool-1 - Starting...
2023-09-15T00:16:35.545+03:00  INFO 12536 --- [restartedMain] com.zaxxer.hikari.pool.HikariPool        : HikariPool-1 - Added connection com.mysql.cj.jdbc.ConnectionImpl@ccfe03b
2023-09-15T00:16:35.548+03:00  INFO 12536 --- [restartedMain] com.zaxxer.hikari.HikariDataSource       : HikariPool-1 - Start completed.
2023-09-15T00:16:35.556+03:00  INFO 12536 --- [restartedMain] o.s.b.a.h2.H2ConsoleAutoConfiguration    : H2 console available at '/h2-console'. Database available at 'jdbc:mysql://localhost:3306/task?createDatabaseIfNotExist=true&autoReconnect=true&useSSL=false'
2023-09-15T00:16:36.153+03:00  INFO 12536 --- [restartedMain] SQL dialect                              : HHH000400: Using dialect: org.hibernate.dialect.MySQLDialect
2023-09-15T00:16:37.203+03:00  INFO 12536 --- [restartedMain] j.LocalContainerEntityManagerFactoryBean : Initialized JPA EntityManagerFactory for persistence unit 'default'
2023-09-15T00:16:37.845+03:00 DEBUG 12536 --- [restartedMain] o.s.w.s.r.ResourceUrlEncodingFilter      : Filter 'resourceUrlEncodingFilter' configured for use
2023-09-15T00:16:37.846+03:00 DEBUG 12536 --- [restartedMain] o.s.w.f.ServerHttpObservationFilter      : Filter 'serverHttpObservationFilter' configured for use
2023-09-15T00:16:38.107+03:00  WARN 12536 --- [restartedMain] JpaBaseConfiguration$JpaWebConfiguration : spring.jpa.open-in-view is enabled by default. Therefore, database queries may be performed during view rendering. Explicitly configure spring.jpa.open-in-view to disable this warning
2023-09-15T00:16:38.267+03:00 DEBUG 12536 --- [restartedMain] s.w.s.m.m.a.RequestMappingHandlerMapping : 25 mappings in 'requestMappingHandlerMapping'
2023-09-15T00:16:38.907+03:00 DEBUG 12536 --- [restartedMain] o.s.w.s.handler.SimpleUrlHandlerMapping  : Patterns [/webjars/**, /**, /swagger-ui*/*swagger-initializer.js, /swagger-ui*/**] in 'resourceHandlerMapping'
2023-09-15T00:16:39.200+03:00  INFO 12536 --- [restartedMain] o.s.b.a.e.web.EndpointLinksResolver      : Exposing 1 endpoint(s) beneath base path '/actuator'
2023-09-15T00:16:39.293+03:00  INFO 12536 --- [restartedMain] o.s.s.web.DefaultSecurityFilterChain     : Will secure any request with [org.springframework.security.web.session.DisableEncodeUrlFilter@54bf7b3a, org.springframework.security.web.context.request.async.WebAsyncManagerIntegrationFilter@19bed4f8, org.springframework.security.web.context.SecurityContextHolderFilter@71921a04, org.springframework.security.web.header.HeaderWriterFilter@7164fa79, org.springframework.security.web.authentication.logout.LogoutFilter@8c58065, com.cengizhanyavuz.todolist.user.config.JwtAuthenticationFilter@16bf36c, org.springframework.security.web.savedrequest.RequestCacheAwareFilter@24ae7ca9, org.springframework.security.web.servletapi.SecurityContextHolderAwareRequestFilter@73f38942, org.springframework.security.web.authentication.AnonymousAuthenticationFilter@6f08f2ce, org.springframework.security.web.session.SessionManagementFilter@1373086c, org.springframework.security.web.access.ExceptionTranslationFilter@375350c0, org.springframework.security.web.access.intercept.AuthorizationFilter@418199ac]
2023-09-15T00:16:39.433+03:00 DEBUG 12536 --- [restartedMain] s.w.s.m.m.a.RequestMappingHandlerAdapter : ControllerAdvice beans: 0 @ModelAttribute, 0 @InitBinder, 1 RequestBodyAdvice, 1 ResponseBodyAdvice
2023-09-15T00:16:39.533+03:00 DEBUG 12536 --- [restartedMain] .m.m.a.ExceptionHandlerExceptionResolver : ControllerAdvice beans: 1 @ExceptionHandler, 1 ResponseBodyAdvice
2023-09-15T00:16:39.611+03:00  WARN 12536 --- [restartedMain] ion$DefaultTemplateResolverConfiguration : Cannot find template location: classpath:/templates/ (please add some templates, check your Thymeleaf configuration, or set spring.thymeleaf.check-template-location=false)
2023-09-15T00:16:40.170+03:00  INFO 12536 --- [restartedMain] o.s.b.d.a.OptionalLiveReloadServer       : LiveReload server is running on port 35729
2023-09-15T00:16:40.251+03:00  INFO 12536 --- [restartedMain] o.s.b.w.embedded.tomcat.TomcatWebServer  : Tomcat started on port(s): 4444 (http) with context path ''
2023-09-15T00:16:40.268+03:00  INFO 12536 --- [restartedMain] c.c.todolist.TodolistApplication         : Started TodolistApplication in 8.294 seconds (process running for 9.771)
2023-09-15T00:16:40.278+03:00  INFO 12536 --- [restartedMain] c.c.todolist.bean.CommandLineRunnerBean  : CommandLineRunner Çalıştı
2023-09-15T00:16:40.584+03:00  INFO 12536 --- [RMI TCP Connection(3)-192.168.1.101] o.a.c.c.C.[Tomcat].[localhost].[/]       : Initializing Spring DispatcherServlet 'dispatcherServlet'
2023-09-15T00:16:40.584+03:00  INFO 12536 --- [RMI TCP Connection(3)-192.168.1.101] o.s.web.servlet.DispatcherServlet        : Initializing Servlet 'dispatcherServlet'
2023-09-15T00:16:40.585+03:00 DEBUG 12536 --- [RMI TCP Connection(3)-192.168.1.101] o.s.web.servlet.DispatcherServlet        : Detected StandardServletMultipartResolver
2023-09-15T00:16:40.585+03:00 DEBUG 12536 --- [RMI TCP Connection(3)-192.168.1.101] o.s.web.servlet.DispatcherServlet        : Detected AcceptHeaderLocaleResolver
2023-09-15T00:16:40.585+03:00 DEBUG 12536 --- [RMI TCP Connection(3)-192.168.1.101] o.s.web.servlet.DispatcherServlet        : Detected FixedThemeResolver
2023-09-15T00:16:40.588+03:00 DEBUG 12536 --- [RMI TCP Connection(3)-192.168.1.101] o.s.web.servlet.DispatcherServlet        : Detected org.springframework.web.servlet.view.DefaultRequestToViewNameTranslator@174dbd65
2023-09-15T00:16:40.590+03:00 DEBUG 12536 --- [RMI TCP Connection(3)-192.168.1.101] o.s.web.servlet.DispatcherServlet        : Detected org.springframework.web.servlet.support.SessionFlashMapManager@66e22844
2023-09-15T00:16:40.591+03:00 DEBUG 12536 --- [RMI TCP Connection(3)-192.168.1.101] o.s.web.servlet.DispatcherServlet        : enableLoggingRequestDetails='false': request parameters and headers will be masked to prevent unsafe logging of potentially sensitive data
2023-09-15T00:16:40.591+03:00  INFO 12536 --- [RMI TCP Connection(3)-192.168.1.101] o.s.web.servlet.DispatcherServlet        : Completed initialization in 6 ms
2023-09-15T00:16:43.422+03:00  WARN 12536 --- [RMI TCP Connection(2)-192.168.1.101] o.s.b.actuate.mail.MailHealthIndicator   : Mail health check failed

jakarta.mail.AuthenticationFailedException: 535-5.7.8 Username and Password not accepted. Learn more at
535 5.7.8  https://support.google.com/mail/?p=BadCredentials u17-20020a1709064ad100b0098ce63e36e9sm1546662ejt.16 - gsmtp

	at com.sun.mail.smtp.SMTPTransport$Authenticator.authenticate(SMTPTransport.java:979) ~[jakarta.mail-1.0.0.jar:na]
	at com.sun.mail.smtp.SMTPTransport.authenticate(SMTPTransport.java:890) ~[jakarta.mail-1.0.0.jar:na]
	at com.sun.mail.smtp.SMTPTransport.protocolConnect(SMTPTransport.java:794) ~[jakarta.mail-1.0.0.jar:na]
	at jakarta.mail.Service.connect(Service.java:342) ~[jakarta.mail-1.0.0.jar:na]
	at org.springframework.mail.javamail.JavaMailSenderImpl.connectTransport(JavaMailSenderImpl.java:518) ~[spring-context-support-6.0.7.jar:6.0.7]
	at org.springframework.mail.javamail.JavaMailSenderImpl.testConnection(JavaMailSenderImpl.java:398) ~[spring-context-support-6.0.7.jar:6.0.7]
	at org.springframework.boot.actuate.mail.MailHealthIndicator.doHealthCheck(MailHealthIndicator.java:42) ~[spring-boot-actuator-3.0.5.jar:3.0.5]
	at org.springframework.boot.actuate.health.AbstractHealthIndicator.health(AbstractHealthIndicator.java:82) ~[spring-boot-actuator-3.0.5.jar:3.0.5]
	at org.springframework.boot.actuate.health.HealthIndicator.getHealth(HealthIndicator.java:37) ~[spring-boot-actuator-3.0.5.jar:3.0.5]
	at org.springframework.boot.actuate.health.HealthEndpoint.getHealth(HealthEndpoint.java:82) ~[spring-boot-actuator-3.0.5.jar:3.0.5]
	at org.springframework.boot.actuate.health.HealthEndpoint.getHealth(HealthEndpoint.java:41) ~[spring-boot-actuator-3.0.5.jar:3.0.5]
	at org.springframework.boot.actuate.health.HealthEndpointSupport.getLoggedHealth(HealthEndpointSupport.java:172) ~[spring-boot-actuator-3.0.5.jar:3.0.5]
	at org.springframework.boot.actuate.health.HealthEndpointSupport.getContribution(HealthEndpointSupport.java:145) ~[spring-boot-actuator-3.0.5.jar:3.0.5]
	at org.springframework.boot.actuate.health.HealthEndpointSupport.getAggregateContribution(HealthEndpointSupport.java:156) ~[spring-boot-actuator-3.0.5.jar:3.0.5]
	at org.springframework.boot.actuate.health.HealthEndpointSupport.getContribution(HealthEndpointSupport.java:141) ~[spring-boot-actuator-3.0.5.jar:3.0.5]
	at org.springframework.boot.actuate.health.HealthEndpointSupport.getHealth(HealthEndpointSupport.java:110) ~[spring-boot-actuator-3.0.5.jar:3.0.5]
	at org.springframework.boot.actuate.health.HealthEndpointSupport.getHealth(HealthEndpointSupport.java:81) ~[spring-boot-actuator-3.0.5.jar:3.0.5]
	at org.springframework.boot.actuate.health.HealthEndpoint.health(HealthEndpoint.java:76) ~[spring-boot-actuator-3.0.5.jar:3.0.5]
	at org.springframework.boot.actuate.health.HealthEndpoint.health(HealthEndpoint.java:66) ~[spring-boot-actuator-3.0.5.jar:3.0.5]
	at java.base/jdk.internal.reflect.DirectMethodHandleAccessor.invoke(DirectMethodHandleAccessor.java:104) ~[na:na]
	at java.base/java.lang.reflect.Method.invoke(Method.java:578) ~[na:na]
	at org.springframework.util.ReflectionUtils.invokeMethod(ReflectionUtils.java:281) ~[spring-core-6.0.7.jar:6.0.7]
	at org.springframework.boot.actuate.endpoint.invoke.reflect.ReflectiveOperationInvoker.invoke(ReflectiveOperationInvoker.java:74) ~[spring-boot-actuator-3.0.5.jar:3.0.5]
	at org.springframework.boot.actuate.endpoint.annotation.AbstractDiscoveredOperation.invoke(AbstractDiscoveredOperation.java:60) ~[spring-boot-actuator-3.0.5.jar:3.0.5]
	at org.springframework.boot.actuate.endpoint.jmx.EndpointMBean.invoke(EndpointMBean.java:124) ~[spring-boot-actuator-3.0.5.jar:3.0.5]
	at org.springframework.boot.actuate.endpoint.jmx.EndpointMBean.invoke(EndpointMBean.java:97) ~[spring-boot-actuator-3.0.5.jar:3.0.5]
	at java.management/com.sun.jmx.interceptor.DefaultMBeanServerInterceptor.invoke(DefaultMBeanServerInterceptor.java:803) ~[na:na]
	at java.management/com.sun.jmx.mbeanserver.JmxMBeanServer.invoke(JmxMBeanServer.java:802) ~[na:na]
	at java.management.rmi/javax.management.remote.rmi.RMIConnectionImpl.doOperation(RMIConnectionImpl.java:1472) ~[na:na]
	at java.management.rmi/javax.management.remote.rmi.RMIConnectionImpl$PrivilegedOperation.run(RMIConnectionImpl.java:1310) ~[na:na]
	at java.management.rmi/javax.management.remote.rmi.RMIConnectionImpl.doPrivilegedOperation(RMIConnectionImpl.java:1405) ~[na:na]
	at java.management.rmi/javax.management.remote.rmi.RMIConnectionImpl.invoke(RMIConnectionImpl.java:829) ~[na:na]
	at java.base/jdk.internal.reflect.DirectMethodHandleAccessor.invoke(DirectMethodHandleAccessor.java:104) ~[na:na]
	at java.base/java.lang.reflect.Method.invoke(Method.java:578) ~[na:na]
	at java.rmi/sun.rmi.server.UnicastServerRef.dispatch(UnicastServerRef.java:360) ~[na:na]
	at java.rmi/sun.rmi.transport.Transport$1.run(Transport.java:200) ~[na:na]
	at java.rmi/sun.rmi.transport.Transport$1.run(Transport.java:197) ~[na:na]
	at java.base/java.security.AccessController.doPrivileged(AccessController.java:714) ~[na:na]
	at java.rmi/sun.rmi.transport.Transport.serviceCall(Transport.java:196) ~[na:na]
	at java.rmi/sun.rmi.transport.tcp.TCPTransport.handleMessages(TCPTransport.java:598) ~[na:na]
	at java.rmi/sun.rmi.transport.tcp.TCPTransport$ConnectionHandler.run0(TCPTransport.java:844) ~[na:na]
	at java.rmi/sun.rmi.transport.tcp.TCPTransport$ConnectionHandler.lambda$run$0(TCPTransport.java:721) ~[na:na]
	at java.base/java.security.AccessController.doPrivileged(AccessController.java:400) ~[na:na]
	at java.rmi/sun.rmi.transport.tcp.TCPTransport$ConnectionHandler.run(TCPTransport.java:720) ~[na:na]
	at java.base/java.util.concurrent.ThreadPoolExecutor.runWorker(ThreadPoolExecutor.java:1144) ~[na:na]
	at java.base/java.util.concurrent.ThreadPoolExecutor$Worker.run(ThreadPoolExecutor.java:642) ~[na:na]
	at java.base/java.lang.Thread.run(Thread.java:1623) ~[na:na]

2023-09-15T00:17:08.176+03:00  INFO 12536 --- [SpringApplicationShutdownHook] j.LocalContainerEntityManagerFactoryBean : Closing JPA EntityManagerFactory for persistence unit 'default'
2023-09-15T00:17:08.179+03:00  INFO 12536 --- [SpringApplicationShutdownHook] com.zaxxer.hikari.HikariDataSource       : HikariPool-1 - Shutdown initiated...
2023-09-15T00:17:08.186+03:00  INFO 12536 --- [SpringApplicationShutdownHook] com.zaxxer.hikari.HikariDataSource       : HikariPool-1 - Shutdown completed.
